18:48:13.393797 git.c:455               trace: built-in: git push origin main
18:48:13.394423 run-command.c:668       trace: run_command: GIT_DIR=.git git remote-https origin https://github.com/JECT-02/DS.git
18:48:13.396739 git.c:742               trace: exec: git-remote-https origin https://github.com/JECT-02/DS.git
18:48:13.396790 run-command.c:668       trace: run_command: git-remote-https origin https://github.com/JECT-02/DS.git
18:48:13.406908 http.c:664              == Info: Couldn't find host github.com in the (nil) file; using defaults
18:48:13.449634 http.c:664              == Info:   Trying 140.82.114.4:443...
18:48:13.642061 http.c:664              == Info: Connected to github.com (140.82.114.4) port 443 (#0)
18:48:13.706401 http.c:664              == Info: found 441 certificates in /etc/ssl/certs
18:48:13.706473 http.c:664              == Info: GnuTLS ciphers: NORMAL:-ARCFOUR-128:-CTYPE-ALL:+CTYPE-X509:-VERS-SSL3.0
18:48:13.706518 http.c:664              == Info: ALPN, offering h2
18:48:13.706523 http.c:664              == Info: ALPN, offering http/1.1
18:48:13.849565 http.c:664              == Info: SSL connection using TLS1.3 / ECDHE_RSA_AES_128_GCM_SHA256
18:48:13.856323 http.c:664              == Info:   server certificate verification OK
18:48:13.856336 http.c:664              == Info:   server certificate status verification SKIPPED
18:48:13.856545 http.c:664              == Info:   common name: github.com (matched)
18:48:13.856557 http.c:664              == Info:   server certificate expiration date OK
18:48:13.856562 http.c:664              == Info:   server certificate activation date OK
18:48:13.856576 http.c:664              == Info:   certificate public key: EC/ECDSA
18:48:13.856581 http.c:664              == Info:   certificate version: #3
18:48:13.856598 http.c:664              == Info:   subject: CN=github.com
18:48:13.856608 http.c:664              == Info:   start date: Wed, 05 Feb 2025 00:00:00 GMT
18:48:13.856616 http.c:664              == Info:   expire date: Thu, 05 Feb 2026 23:59:59 GMT
18:48:13.856681 http.c:664              == Info:   issuer: C=GB,ST=Greater Manchester,L=Salford,O=Sectigo Limited,CN=Sectigo ECC Domain Validation Secure Server CA
18:48:13.856711 http.c:664              == Info: ALPN, server accepted to use h2
18:48:13.856760 http.c:664              == Info: Using HTTP2, server supports multiplexing
18:48:13.856768 http.c:664              == Info: Connection state changed (HTTP/2 confirmed)
18:48:13.856775 http.c:664              == Info: Copying HTTP/2 data in stream buffer to connection buffer after upgrade: len=0
18:48:13.856901 http.c:664              == Info: Using Stream ID: 1 (easy handle 0x61baebf842e0)
18:48:13.856942 http.c:611              => Send header, 0000000213 bytes (0x000000d5)
18:48:13.856952 http.c:623              => Send header: GET /JECT-02/DS.git/info/refs?service=git-receive-pack HTTP/2
18:48:13.856956 http.c:623              => Send header: Host: github.com
18:48:13.856958 http.c:623              => Send header: user-agent: git/2.34.1
18:48:13.856961 http.c:623              => Send header: accept: */*
18:48:13.856963 http.c:623              => Send header: accept-encoding: deflate, gzip, br, zstd
18:48:13.856966 http.c:623              => Send header: accept-language: es-ES, *;q=0.9
18:48:13.856968 http.c:623              => Send header: pragma: no-cache
18:48:13.856971 http.c:623              => Send header:
18:48:13.990905 http.c:611              <= Recv header, 0000000013 bytes (0x0000000d)
18:48:13.990933 http.c:623              <= Recv header: HTTP/2 401
18:48:13.990941 http.c:611              <= Recv header, 0000000026 bytes (0x0000001a)
18:48:13.990946 http.c:623              <= Recv header: server: GitHub-Babel/3.0
18:48:13.990951 http.c:611              <= Recv header, 0000000054 bytes (0x00000036)
18:48:13.990954 http.c:623              <= Recv header: content-security-policy: default-src 'none'; sandbox
18:48:13.990958 http.c:611              <= Recv header, 0000000041 bytes (0x00000029)
18:48:13.990962 http.c:623              <= Recv header: content-type: text/plain; charset=UTF-8
18:48:13.990967 http.c:611              <= Recv header, 0000000040 bytes (0x00000028)
18:48:13.990970 http.c:623              <= Recv header: www-authenticate: Basic realm="GitHub"
18:48:13.990975 http.c:611              <= Recv header, 0000000020 bytes (0x00000014)
18:48:13.990980 http.c:623              <= Recv header: content-length: 74
18:48:13.990985 http.c:611              <= Recv header, 0000000037 bytes (0x00000025)
18:48:13.990989 http.c:623              <= Recv header: date: Mon, 22 Sep 2025 23:48:13 GMT
18:48:13.990995 http.c:611              <= Recv header, 0000000059 bytes (0x0000003b)
18:48:13.991002 http.c:623              <= Recv header: x-github-request-id: F14A:2E0955:1AD17CA:23C0E9D:68D1E03D
18:48:13.991008 http.c:611              <= Recv header, 0000000023 bytes (0x00000017)
18:48:13.991013 http.c:623              <= Recv header: x-frame-options: DENY
18:48:13.991018 http.c:611              <= Recv header, 0000000073 bytes (0x00000049)
18:48:13.991023 http.c:623              <= Recv header: strict-transport-security: max-age=31536000; includeSubDomains; preload
18:48:13.991030 http.c:611              <= Recv header, 0000000002 bytes (0x00000002)
18:48:13.991034 http.c:623              <= Recv header:
18:48:13.991064 http.c:664              == Info: Connection #0 to host github.com left intact
18:48:13.991141 run-command.c:668       trace: run_command: 'git credential-~/.git-credential-helpers/git-credential-gh get'
18:48:13.996391 git.c:742               trace: exec: 'git-credential-~/.git-credential-helpers/git-credential-gh' get
18:48:13.996445 run-command.c:668       trace: run_command: 'git-credential-~/.git-credential-helpers/git-credential-gh' get
git: 'credential-~/.git-credential-helpers/git-credential-gh' no es un comando de git. Mira 'git --help'.
