* 94fe4b0 (HEAD -> main, feature-1, add-feature) agregacion de archivo1
* f356d4b (origin/main, origin/HEAD) Actividad 6 finalizada
* 1579722 Commit inicial con README.md
* 0c6d3df Actividad 5 finalizada
* 7f4192b limpiar repo
* f8a37b8 limpiar repo
* df5e123 Actividad3-Parcialmente terminada
* 3bf1aa9 Squash de feature-3: documentacion estandar
*   bcdb1e3 merge no ff
|\  
| * 15bc9f2 Archivo3 aniadido
| * 6d4341b Archivo2 aniadido
|/  
* 563a22a Actividad4-CC3S2
* 2c4fb87 Actividad 2 CC3S2
* 96a44f6 Correcion de errores dia 3 - Entrega final
* b53dc7a Día 3-Evidencia, diagramas y entrega fina
* 0c4b0dc Día 2-DevSecOps y estrategia de despliegue
* 9a7e16f Día 1-Comparativos e imágenes base
* 781a046 Create README.md
* c02976e Initial commit
