*   5e6f7a8 (HEAD -> main) Merge commit 'subtree-merge-1234' into main
|\  
| * 1a2b3c4 (vendor/demo) Initial commit in demo repo
| * 2b3c4d5 Add demo_file.txt
| * 3c4d5e6 Update demo_file.txt with new line
|/  
*   cc33cc3 Merge branches 'feat-a' and 'feat-b'
|\  
| * bb22bb2 (feat-b) Add archivoB
| * aa11aa1 (feat-a) Add archivoA
|/  
* 9f8e7d6 Merge branch 'feature-validate' into main
| * 4a5b6c7 (feature-validate) Add archivoY
| * 3b4c5d6 Add archivoX
|/  
* a1b2c3d (feature-rebase) Add archivo3
* d4e5f6g Add archivo2
* h7i8j9k Add archivo1
* 74474e8 Add archivox_main in main
* 469b767 (feature-ffonly) Add archivox in feature-ffonly
* db84b54 mantener limpio el directorio de trabajo
* e6cedad Revert "Revert "Seguimiento antes de revert""
* 833812f Revert "Seguimiento antes de revert"
* b5602df Seguimiento antes de revert
* 8e3c5e0 squash de feature3: documentacion estandar
| * d6ed846 (feature-3) agregacion archivo5
| * 409ff9b agregacion archivo4
|/  
* 94fe4b0 (feature-1, add-feature) agregacion de archivo1
* f356d4b (origin/main, origin/HEAD) Actividad 6 finalizada
* 1579722 Commit inicial con README.md

